
SQL*Loader: Release 19.0.0.0.0 - Production on Thu Jan 1 20:27:51 2026
Version 19.3.0.0.0

Copyright (c) 1982, 2019, Oracle and/or its affiliates.  All rights reserved.

Control File:   olist_product_category_name_translation.ctl
Data File:      product_category_name_translation.csv
  Bad File:     product_category_name_translation.bad
  Discard File:  none specified
 
 (Allow all discards)

Number to load: ALL
Number to skip: 0
Errors allowed: 50
Bind array:     250 rows, maximum of 1048576 bytes
Continuation:    none specified
Path used:      Conventional

Table PRODUCT_CATEGORY_NAME_TRANSLATION, loaded from every logical record.
Insert option in effect for this table: APPEND
TRAILING NULLCOLS option in effect

   Column Name                  Position   Len  Term Encl Datatype
------------------------------ ---------- ----- ---- ---- ---------------------
PRODUCT_CATEGORY_NAME               FIRST     *   ,  O(") CHARACTER            
PRODUCT_CATEGORY_NAME_ENGLISH        NEXT     *   ,  O(") CHARACTER            


Table PRODUCT_CATEGORY_NAME_TRANSLATION:
  72 Rows successfully loaded.
  0 Rows not loaded due to data errors.
  0 Rows not loaded because all WHEN clauses were failed.
  0 Rows not loaded because all fields were null.


Space allocated for bind array:                 129000 bytes(250 rows)
Read   buffer bytes: 1048576

Total logical records skipped:          0
Total logical records read:            72
Total logical records rejected:         0
Total logical records discarded:        0

Run began on Thu Jan 01 20:27:51 2026
Run ended on Thu Jan 01 20:27:51 2026

Elapsed time was:     00:00:00.17
CPU time was:         00:00:00.08
