
SQL*Loader: Release 19.0.0.0.0 - Production on Thu Jan 1 19:50:53 2026
Version 19.3.0.0.0

Copyright (c) 1982, 2019, Oracle and/or its affiliates.  All rights reserved.

Control File:   olist_sellers.ctl
Data File:      C:\Users\pc\Desktop\olist_data\olist_sellers_dataset.csv
  Bad File:     olist_sellers_dataset.bad
  Discard File:  none specified
 
 (Allow all discards)

Number to load: ALL
Number to skip: 0
Errors allowed: 50
Bind array:     250 rows, maximum of 1048576 bytes
Continuation:    none specified
Path used:      Conventional

Table OLIST_SELLERS, loaded from every logical record.
Insert option in effect for this table: INSERT
TRAILING NULLCOLS option in effect

   Column Name                  Position   Len  Term Encl Datatype
------------------------------ ---------- ----- ---- ---- ---------------------
SELLER_ID                           FIRST     *   ,  O(") CHARACTER            
SELLER_ZIP_CODE_PREFIX               NEXT     *   ,  O(") CHARACTER            
SELLER_CITY                          NEXT     *   ,  O(") CHARACTER            
SELLER_STATE                         NEXT     *   ,  O(") CHARACTER            

SQL*Loader-601: For INSERT option, table must be empty.  Error on table OLIST_SELLERS
