
SQL*Loader: Release 19.0.0.0.0 - Production on Thu Jan 1 19:53:36 2026
Version 19.3.0.0.0

Copyright (c) 1982, 2019, Oracle and/or its affiliates.  All rights reserved.

Control File:   olist_products.ctl
Data File:      C:\Users\pc\Desktop\olist_data\olist_products_dataset.csv
  Bad File:     olist_products_dataset.bad
  Discard File:  none specified
 
 (Allow all discards)

Number to load: ALL
Number to skip: 0
Errors allowed: 50
Bind array:     250 rows, maximum of 1048576 bytes
Continuation:    none specified
Path used:      Conventional

Table OLIST_PRODUCTS, loaded from every logical record.
Insert option in effect for this table: INSERT
TRAILING NULLCOLS option in effect

   Column Name                  Position   Len  Term Encl Datatype
------------------------------ ---------- ----- ---- ---- ---------------------
PRODUCT_ID                          FIRST     *   ,  O(") CHARACTER            
PRODUCT_CATEGORY_NAME                NEXT     *   ,  O(") CHARACTER            
PRODUCT_NAME_LENGHT                  NEXT     *   ,  O(") CHARACTER            
PRODUCT_DESCRIPTION_LENGHT           NEXT     *   ,  O(") CHARACTER            
PRODUCT_PHOTOS_QTY                   NEXT     *   ,  O(") CHARACTER            
PRODUCT_WEIGHT_G                     NEXT     *   ,  O(") CHARACTER            
PRODUCT_LENGTH_CM                    NEXT     *   ,  O(") CHARACTER            
PRODUCT_HEIGHT_CM                    NEXT     *   ,  O(") CHARACTER            
PRODUCT_WIDTH_CM                     NEXT     *   ,  O(") CHARACTER            

Record 1: Rejected - Error on table OLIST_PRODUCTS, column PRODUCT_NAME_LENGHT.
ORA-01722: invalid number


Table OLIST_PRODUCTS:
  32951 Rows successfully loaded.
  1 Row not loaded due to data errors.
  0 Rows not loaded because all WHEN clauses were failed.
  0 Rows not loaded because all fields were null.


Space allocated for bind array:                 580500 bytes(250 rows)
Read   buffer bytes: 1048576

Total logical records skipped:          0
Total logical records read:         32952
Total logical records rejected:         1
Total logical records discarded:        0

Run began on Thu Jan 01 19:53:36 2026
Run ended on Thu Jan 01 19:53:37 2026

Elapsed time was:     00:00:01.12
CPU time was:         00:00:00.20
