
SQL*Loader: Release 19.0.0.0.0 - Production on Thu Jan 1 19:58:45 2026
Version 19.3.0.0.0

Copyright (c) 1982, 2019, Oracle and/or its affiliates.  All rights reserved.

Control File:   olist_order_items.ctl
Data File:      C:\Users\pc\Desktop\olist_data\olist_order_items_dataset.csv
  Bad File:     olist_order_items_dataset.bad
  Discard File:  none specified
 
 (Allow all discards)

Number to load: ALL
Number to skip: 0
Errors allowed: 50
Bind array:     250 rows, maximum of 1048576 bytes
Continuation:    none specified
Path used:      Conventional

Table OLIST_ORDER_ITEMS, loaded from every logical record.
Insert option in effect for this table: INSERT
TRAILING NULLCOLS option in effect

   Column Name                  Position   Len  Term Encl Datatype
------------------------------ ---------- ----- ---- ---- ---------------------
ORDER_ID                            FIRST     *   ,  O(") CHARACTER            
ORDER_ITEM_ID                        NEXT     *   ,  O(") CHARACTER            
PRODUCT_ID                           NEXT     *   ,  O(") CHARACTER            
SELLER_ID                            NEXT     *   ,  O(") CHARACTER            
SHIPPING_LIMIT_DATE                  NEXT     *   ,  O(") DATETIME YYYY-MM-DD HH24:MI:SS
PRICE                                NEXT     *   ,  O(") CHARACTER            
FREIGHT_VALUE                        NEXT     *   ,  O(") CHARACTER            

Record 1: Rejected - Error on table OLIST_ORDER_ITEMS, column ORDER_ITEM_ID.
ORA-01722: invalid number


Table OLIST_ORDER_ITEMS:
  112650 Rows successfully loaded.
  1 Row not loaded due to data errors.
  0 Rows not loaded because all WHEN clauses were failed.
  0 Rows not loaded because all fields were null.


Space allocated for bind array:                 451500 bytes(250 rows)
Read   buffer bytes: 1048576

Total logical records skipped:          0
Total logical records read:        112651
Total logical records rejected:         1
Total logical records discarded:        0

Run began on Thu Jan 01 19:58:45 2026
Run ended on Thu Jan 01 19:58:47 2026

Elapsed time was:     00:00:01.58
CPU time was:         00:00:00.23
